2026-04-23 22:45:27: ◇ injected env (4) from .env // tip: ⌘ multiple files { path: ['.env.local', '.env'] }
2026-04-23 22:45:27: Redleaf-BD server running on port 5000
2026-04-23 22:45:29: ✅ DB indexes ensured.
2026-04-23 22:45:35: ◇ injected env (4) from .env // tip: ⌘ override existing { override: true }
2026-04-23 22:45:36: Redleaf-BD server running on port 5000
2026-04-23 22:45:37: ✅ DB indexes ensured.
2026-04-23 22:45:45: ◇ injected env (4) from .env // tip: ◈ secrets for agents [www.dotenvx.com]
2026-04-23 22:45:46: Redleaf-BD server running on port 5000
2026-04-23 22:45:47: ✅ DB indexes ensured.
2026-04-23 22:45:55: ◇ injected env (4) from .env // tip: ⌘ multiple files { path: ['.env.local', '.env'] }
2026-04-23 22:45:56: Redleaf-BD server running on port 5000
2026-04-23 22:45:58: ✅ DB indexes ensured.
2026-04-23 22:46:06: ◇ injected env (4) from .env // tip: ⌘ multiple files { path: ['.env.local', '.env'] }
2026-04-23 22:46:06: Redleaf-BD server running on port 5000
2026-04-23 22:46:07: ✅ DB indexes ensured.
2026-04-23 22:46:16: ◇ injected env (4) from .env // tip: ⌘ enable debugging { debug: true }
2026-04-23 22:46:16: Redleaf-BD server running on port 5000
2026-04-23 22:46:17: ✅ DB indexes ensured.
2026-04-23 22:46:26: ◇ injected env (4) from .env // tip: ⌘ override existing { override: true }
2026-04-23 22:46:36: ◇ injected env (4) from .env // tip: ⌘ custom filepath { path: '/custom/path/.env' }
2026-04-23 22:46:36: Redleaf-BD server running on port 5000
2026-04-23 22:46:38: ✅ DB indexes ensured.
2026-04-23 22:46:55: ◇ injected env (4) from .env // tip: ◈ encrypted .env [www.dotenvx.com]
2026-04-23 22:46:55: Redleaf-BD server running on port 5000
2026-04-23 22:46:57: ✅ DB indexes ensured.
